<?xml version="1.0" encoding="UTF-8"?>
<!-- Generated by org.testng.reporters.JUnitXMLReporter -->
<testsuite hostname="DESKTOP-HQIM06O" name="Default test" tests="5" failures="0" timestamp="30 Sep 2019 03:33:38 GMT" time="0.042" errors="0">
  <testcase name="@BeforeClass BeforeClass" time="0.0" classname="com.bigbom.testcase.LoginScript2">
    <failure type="org.testng.TestNGException" message="
Parameter &amp;apos;browser&amp;apos; is required by @Configuration on method BeforeClass but has not been marked @Optional or defined
in C:\Users\BigBom_Xuan\AppData\Local\Temp\testng-eclipse--365755709\testng-customsuite.xml">
      <![CDATA[org.testng.TestNGException: 
Parameter 'browser' is required by @Configuration on method BeforeClass but has not been marked @Optional or defined
in C:\Users\BigBom_Xuan\AppData\Local\Temp\testng-eclipse--365755709\testng-customsuite.xml
	at org.testng.internal.Parameters.createParameters(Parameters.java:155)
	at org.testng.internal.Parameters.createParameters(Parameters.java:355)
	at org.testng.internal.Parameters.createConfigurationParameters(Parameters.java:86)
	at org.testng.internal.Invoker.invokeConfigurations(Invoker.java:199)
	at org.testng.internal.Invoker.invokeConfigurations(Invoker.java:138)
	at org.testng.internal.TestMethodWorker.invokeBeforeClassMethods(TestMethodWorker.java:175)
	at org.testng.internal.TestMethodWorker.run(TestMethodWorker.java:107)
	at org.testng.TestRunner.privateRun(TestRunner.java:767)
	at org.testng.TestRunner.run(TestRunner.java:617)
	at org.testng.SuiteRunner.runTest(SuiteRunner.java:334)
	at org.testng.SuiteRunner.runSequentially(SuiteRunner.java:329)
	at org.testng.SuiteRunner.privateRun(SuiteRunner.java:291)
	at org.testng.SuiteRunner.run(SuiteRunner.java:240)
	at org.testng.SuiteRunnerWorker.runSuite(SuiteRunnerWorker.java:52)
	at org.testng.SuiteRunnerWorker.run(SuiteRunnerWorker.java:86)
	at org.testng.TestNG.runSuitesSequentially(TestNG.java:1198)
	at org.testng.TestNG.runSuitesLocally(TestNG.java:1123)
	at org.testng.TestNG.run(TestNG.java:1031)
	at org.testng.remote.AbstractRemoteTestNG.run(AbstractRemoteTestNG.java:115)
	at org.testng.remote.RemoteTestNG.initAndRun(RemoteTestNG.java:251)
	at org.testng.remote.RemoteTestNG.main(RemoteTestNG.java:77)
]]>
    </failure>
  </testcase> <!-- @BeforeClass BeforeClass -->
  <testcase name="@AfterMethod afterMethod" time="0.0" classname="com.bigbom.testcase.LoginScript2">
    <skipped/>
  </testcase> <!-- @AfterMethod afterMethod -->
  <testcase name="@AfterMethod afterMethod" time="0.0" classname="com.bigbom.testcase.LoginScript2">
    <skipped/>
  </testcase> <!-- @AfterMethod afterMethod -->
  <testcase name="@AfterMethod afterMethod" time="0.0" classname="com.bigbom.testcase.LoginScript2">
    <skipped/>
  </testcase> <!-- @AfterMethod afterMethod -->
  <testcase name="@AfterMethod afterMethod" time="0.0" classname="com.bigbom.testcase.LoginScript2">
    <skipped/>
  </testcase> <!-- @AfterMethod afterMethod -->
  <testcase name="@AfterMethod afterMethod" time="0.0" classname="com.bigbom.testcase.LoginScript2">
    <skipped/>
  </testcase> <!-- @AfterMethod afterMethod -->
  <testcase name="@AfterClass AfterClass" time="0.0" classname="com.bigbom.testcase.LoginScript2">
    <skipped/>
  </testcase> <!-- @AfterClass AfterClass -->
  <testcase name="TC_AT3_1_OpenAndClosePopupGG" time="0.004" classname="com.bigbom.testcase.LoginScript2">
    <skipped/>
  </testcase> <!-- TC_AT3_1_OpenAndClosePopupGG -->
  <testcase name="TC_AT3_2_OpenAndClosePopupFB" time="0.001" classname="com.bigbom.testcase.LoginScript2">
    <skipped/>
  </testcase> <!-- TC_AT3_2_OpenAndClosePopupFB -->
  <testcase name="TC_AT3_5_SignInAccountHadSignUp" time="0.001" classname="com.bigbom.testcase.LoginScript2">
    <skipped/>
  </testcase> <!-- TC_AT3_5_SignInAccountHadSignUp -->
  <testcase name="TC_AT3_6_SignInFailEmail" time="0.001" classname="com.bigbom.testcase.LoginScript2">
    <skipped/>
  </testcase> <!-- TC_AT3_6_SignInFailEmail -->
  <testcase name="TC_AT3_7_SignInFailPass" time="0.002" classname="com.bigbom.testcase.LoginScript2">
    <skipped/>
  </testcase> <!-- TC_AT3_7_SignInFailPass -->
</testsuite> <!-- Default test -->
