<?xml version="1.0" encoding="UTF-8"?>
<!-- Generated by org.testng.reporters.JUnitXMLReporter -->
<testsuite hostname="DESKTOP-HQIM06O" name="Login BeeCow on Chrome" tests="34" failures="0" timestamp="9 Sep 2019 09:09:08 GMT" time="5.633" errors="0">
  <testcase name="@BeforeClass BeforeClass" time="0.0" classname="com.bigbom.testcase.LoginScript">
    <failure type="org.openqa.selenium.SessionNotCreatedException" message="session not created: Chrome version must be between 71 and 75
  (Driver info: chromedriver=2.46.628402 (536cd7adbad73a3783fdc2cab92ab2ba7ec361e1),platform=Windows NT 10.0.17134 x86_64) (WARNING: The server did not provide any stacktrace information)
Command duration or timeout: 785 milliseconds
Build info: version: &amp;apos;3.11.0&amp;apos;, revision: &amp;apos;e59cfb3&amp;apos;, time: &amp;apos;2018-03-11T20:26:55.152Z&amp;apos;
System info: host: &amp;apos;DESKTOP-HQIM06O&amp;apos;, ip: &amp;apos;192.168.0.136&amp;apos;, os.name: &amp;apos;Windows 10&amp;apos;, os.arch: &amp;apos;amd64&amp;apos;, os.version: &amp;apos;10.0&amp;apos;, java.version: &amp;apos;1.8.0_221&amp;apos;
Driver info: driver.version: ChromeDriver">
      <![CDATA[org.openqa.selenium.SessionNotCreatedException: session not created: Chrome version must be between 71 and 75
  (Driver info: chromedriver=2.46.628402 (536cd7adbad73a3783fdc2cab92ab2ba7ec361e1),platform=Windows NT 10.0.17134 x86_64) (WARNING: The server did not provide any stacktrace information)
Command duration or timeout: 785 milliseconds
Build info: version: '3.11.0', revision: 'e59cfb3', time: '2018-03-11T20:26:55.152Z'
System info: host: 'DESKTOP-HQIM06O', ip: '192.168.0.136', os.name: 'Windows 10', os.arch: 'amd64', os.version: '10.0', java.version: '1.8.0_221'
Driver info: driver.version: ChromeDriver
	at org.openqa.selenium.remote.ErrorHandler.createThrowable(ErrorHandler.java:214)
	at org.openqa.selenium.remote.ErrorHandler.throwIfResponseFailed(ErrorHandler.java:166)
	at org.openqa.selenium.remote.JsonWireProtocolResponse.lambda$new$0(JsonWireProtocolResponse.java:53)
	at org.openqa.selenium.remote.JsonWireProtocolResponse.lambda$getResponseFunction$2(JsonWireProtocolResponse.java:91)
	at org.openqa.selenium.remote.ProtocolHandshake.lambda$createSession$0(ProtocolHandshake.java:123)
	at java.util.stream.ReferencePipeline$3$1.accept(Unknown Source)
	at java.util.Spliterators$ArraySpliterator.tryAdvance(Unknown Source)
	at java.util.stream.ReferencePipeline.forEachWithCancel(Unknown Source)
	at java.util.stream.AbstractPipeline.copyIntoWithCancel(Unknown Source)
	at java.util.stream.AbstractPipeline.copyInto(Unknown Source)
	at java.util.stream.AbstractPipeline.wrapAndCopyInto(Unknown Source)
	at java.util.stream.FindOps$FindOp.evaluateSequential(Unknown Source)
	at java.util.stream.AbstractPipeline.evaluate(Unknown Source)
	at java.util.stream.ReferencePipeline.findFirst(Unknown Source)
	at org.openqa.selenium.remote.ProtocolHandshake.createSession(ProtocolHandshake.java:126)
	at org.openqa.selenium.remote.ProtocolHandshake.createSession(ProtocolHandshake.java:73)
	at org.openqa.selenium.remote.HttpCommandExecutor.execute(HttpCommandExecutor.java:136)
	at org.openqa.selenium.remote.service.DriverCommandExecutor.execute(DriverCommandExecutor.java:83)
	at org.openqa.selenium.remote.RemoteWebDriver.execute(RemoteWebDriver.java:545)
	at org.openqa.selenium.remote.RemoteWebDriver.startSession(RemoteWebDriver.java:209)
	at org.openqa.selenium.remote.RemoteWebDriver.<init>(RemoteWebDriver.java:132)
	at org.openqa.selenium.chrome.ChromeDriver.<init>(ChromeDriver.java:181)
	at org.openqa.selenium.chrome.ChromeDriver.<init>(ChromeDriver.java:168)
	at org.openqa.selenium.chrome.ChromeDriver.<init>(ChromeDriver.java:157)
	at CommonPage.Commontestcase.openMultiBrowser(Commontestcase.java:33)
	at com.bigbom.testcase.LoginScript.BeforeClass(LoginScript.java:28)
	at java.util.concurrent.FutureTask.run(Unknown Source)
	at java.util.concurrent.ThreadPoolExecutor.runWorker(Unknown Source)
	at java.util.concurrent.ThreadPoolExecutor$Worker.run(Unknown Source)
	at java.lang.Thread.run(Unknown Source)
... Removed 20 stack frames]]>
    </failure>
  </testcase> <!-- @BeforeClass BeforeClass -->
  <testcase name="@AfterClass AfterClass" time="0.0" classname="com.bigbom.testcase.LoginScript">
    <skipped/>
  </testcase> <!-- @AfterClass AfterClass -->
  <testcase name="@BeforeClass BeforeClass" time="0.0" classname="com.bigbom.testcase.CreateProductScript">
    <failure type="org.openqa.selenium.SessionNotCreatedException" message="session not created: Chrome version must be between 71 and 75
  (Driver info: chromedriver=2.46.628402 (536cd7adbad73a3783fdc2cab92ab2ba7ec361e1),platform=Windows NT 10.0.17134 x86_64) (WARNING: The server did not provide any stacktrace information)
Command duration or timeout: 590 milliseconds
Build info: version: &amp;apos;3.11.0&amp;apos;, revision: &amp;apos;e59cfb3&amp;apos;, time: &amp;apos;2018-03-11T20:26:55.152Z&amp;apos;
System info: host: &amp;apos;DESKTOP-HQIM06O&amp;apos;, ip: &amp;apos;192.168.0.136&amp;apos;, os.name: &amp;apos;Windows 10&amp;apos;, os.arch: &amp;apos;amd64&amp;apos;, os.version: &amp;apos;10.0&amp;apos;, java.version: &amp;apos;1.8.0_221&amp;apos;
Driver info: driver.version: ChromeDriver">
      <![CDATA[org.openqa.selenium.SessionNotCreatedException: session not created: Chrome version must be between 71 and 75
  (Driver info: chromedriver=2.46.628402 (536cd7adbad73a3783fdc2cab92ab2ba7ec361e1),platform=Windows NT 10.0.17134 x86_64) (WARNING: The server did not provide any stacktrace information)
Command duration or timeout: 590 milliseconds
Build info: version: '3.11.0', revision: 'e59cfb3', time: '2018-03-11T20:26:55.152Z'
System info: host: 'DESKTOP-HQIM06O', ip: '192.168.0.136', os.name: 'Windows 10', os.arch: 'amd64', os.version: '10.0', java.version: '1.8.0_221'
Driver info: driver.version: ChromeDriver
	at org.openqa.selenium.remote.ErrorHandler.createThrowable(ErrorHandler.java:214)
	at org.openqa.selenium.remote.ErrorHandler.throwIfResponseFailed(ErrorHandler.java:166)
	at org.openqa.selenium.remote.JsonWireProtocolResponse.lambda$new$0(JsonWireProtocolResponse.java:53)
	at org.openqa.selenium.remote.JsonWireProtocolResponse.lambda$getResponseFunction$2(JsonWireProtocolResponse.java:91)
	at org.openqa.selenium.remote.ProtocolHandshake.lambda$createSession$0(ProtocolHandshake.java:123)
	at java.util.stream.ReferencePipeline$3$1.accept(Unknown Source)
	at java.util.Spliterators$ArraySpliterator.tryAdvance(Unknown Source)
	at java.util.stream.ReferencePipeline.forEachWithCancel(Unknown Source)
	at java.util.stream.AbstractPipeline.copyIntoWithCancel(Unknown Source)
	at java.util.stream.AbstractPipeline.copyInto(Unknown Source)
	at java.util.stream.AbstractPipeline.wrapAndCopyInto(Unknown Source)
	at java.util.stream.FindOps$FindOp.evaluateSequential(Unknown Source)
	at java.util.stream.AbstractPipeline.evaluate(Unknown Source)
	at java.util.stream.ReferencePipeline.findFirst(Unknown Source)
	at org.openqa.selenium.remote.ProtocolHandshake.createSession(ProtocolHandshake.java:126)
	at org.openqa.selenium.remote.ProtocolHandshake.createSession(ProtocolHandshake.java:73)
	at org.openqa.selenium.remote.HttpCommandExecutor.execute(HttpCommandExecutor.java:136)
	at org.openqa.selenium.remote.service.DriverCommandExecutor.execute(DriverCommandExecutor.java:83)
	at org.openqa.selenium.remote.RemoteWebDriver.execute(RemoteWebDriver.java:545)
	at org.openqa.selenium.remote.RemoteWebDriver.startSession(RemoteWebDriver.java:209)
	at org.openqa.selenium.remote.RemoteWebDriver.<init>(RemoteWebDriver.java:132)
	at org.openqa.selenium.chrome.ChromeDriver.<init>(ChromeDriver.java:181)
	at org.openqa.selenium.chrome.ChromeDriver.<init>(ChromeDriver.java:168)
	at org.openqa.selenium.chrome.ChromeDriver.<init>(ChromeDriver.java:157)
	at CommonPage.Commontestcase.openMultiBrowser(Commontestcase.java:33)
	at com.bigbom.testcase.CreateProductScript.BeforeClass(CreateProductScript.java:36)
	at java.util.concurrent.FutureTask.run(Unknown Source)
	at java.util.concurrent.ThreadPoolExecutor.runWorker(Unknown Source)
	at java.util.concurrent.ThreadPoolExecutor$Worker.run(Unknown Source)
	at java.lang.Thread.run(Unknown Source)
... Removed 20 stack frames]]>
    </failure>
  </testcase> <!-- @BeforeClass BeforeClass -->
  <testcase name="@BeforeMethod beforeMethod" time="0.0" classname="com.bigbom.testcase.CreateProductScript">
    <skipped/>
  </testcase> <!-- @BeforeMethod beforeMethod -->
  <testcase name="@BeforeMethod beforeMethod" time="0.0" classname="com.bigbom.testcase.CreateProductScript">
    <skipped/>
  </testcase> <!-- @BeforeMethod beforeMethod -->
  <testcase name="@BeforeMethod beforeMethod" time="0.0" classname="com.bigbom.testcase.CreateProductScript">
    <skipped/>
  </testcase> <!-- @BeforeMethod beforeMethod -->
  <testcase name="@BeforeMethod beforeMethod" time="0.0" classname="com.bigbom.testcase.CreateProductScript">
    <skipped/>
  </testcase> <!-- @BeforeMethod beforeMethod -->
  <testcase name="@BeforeMethod beforeMethod" time="0.0" classname="com.bigbom.testcase.CreateProductScript">
    <skipped/>
  </testcase> <!-- @BeforeMethod beforeMethod -->
  <testcase name="@BeforeMethod beforeMethod" time="0.0" classname="com.bigbom.testcase.CreateProductScript">
    <skipped/>
  </testcase> <!-- @BeforeMethod beforeMethod -->
  <testcase name="@BeforeMethod beforeMethod" time="0.0" classname="com.bigbom.testcase.CreateProductScript">
    <skipped/>
  </testcase> <!-- @BeforeMethod beforeMethod -->
  <testcase name="@BeforeMethod beforeMethod" time="0.0" classname="com.bigbom.testcase.CreateProductScript">
    <skipped/>
  </testcase> <!-- @BeforeMethod beforeMethod -->
  <testcase name="@BeforeMethod beforeMethod" time="0.0" classname="com.bigbom.testcase.CreateProductScript">
    <skipped/>
  </testcase> <!-- @BeforeMethod beforeMethod -->
  <testcase name="@BeforeMethod beforeMethod" time="0.0" classname="com.bigbom.testcase.CreateProductScript">
    <skipped/>
  </testcase> <!-- @BeforeMethod beforeMethod -->
  <testcase name="@BeforeMethod beforeMethod" time="0.0" classname="com.bigbom.testcase.CreateProductScript">
    <skipped/>
  </testcase> <!-- @BeforeMethod beforeMethod -->
  <testcase name="@BeforeMethod beforeMethod" time="0.0" classname="com.bigbom.testcase.CreateProductScript">
    <skipped/>
  </testcase> <!-- @BeforeMethod beforeMethod -->
  <testcase name="@BeforeMethod beforeMethod" time="0.0" classname="com.bigbom.testcase.CreateProductScript">
    <skipped/>
  </testcase> <!-- @BeforeMethod beforeMethod -->
  <testcase name="@BeforeMethod beforeMethod" time="0.0" classname="com.bigbom.testcase.CreateProductScript">
    <skipped/>
  </testcase> <!-- @BeforeMethod beforeMethod -->
  <testcase name="@BeforeMethod beforeMethod" time="0.0" classname="com.bigbom.testcase.CreateProductScript">
    <skipped/>
  </testcase> <!-- @BeforeMethod beforeMethod -->
  <testcase name="@BeforeMethod beforeMethod" time="0.0" classname="com.bigbom.testcase.CreateProductScript">
    <skipped/>
  </testcase> <!-- @BeforeMethod beforeMethod -->
  <testcase name="@BeforeMethod beforeMethod" time="0.0" classname="com.bigbom.testcase.CreateProductScript">
    <skipped/>
  </testcase> <!-- @BeforeMethod beforeMethod -->
  <testcase name="@BeforeMethod beforeMethod" time="0.0" classname="com.bigbom.testcase.CreateProductScript">
    <skipped/>
  </testcase> <!-- @BeforeMethod beforeMethod -->
  <testcase name="@BeforeMethod beforeMethod" time="0.0" classname="com.bigbom.testcase.CreateProductScript">
    <skipped/>
  </testcase> <!-- @BeforeMethod beforeMethod -->
  <testcase name="@BeforeMethod beforeMethod" time="0.0" classname="com.bigbom.testcase.CreateProductScript">
    <skipped/>
  </testcase> <!-- @BeforeMethod beforeMethod -->
  <testcase name="@BeforeMethod beforeMethod" time="0.0" classname="com.bigbom.testcase.CreateProductScript">
    <skipped/>
  </testcase> <!-- @BeforeMethod beforeMethod -->
  <testcase name="@BeforeMethod beforeMethod" time="0.0" classname="com.bigbom.testcase.CreateProductScript">
    <skipped/>
  </testcase> <!-- @BeforeMethod beforeMethod -->
  <testcase name="@BeforeMethod beforeMethod" time="0.0" classname="com.bigbom.testcase.CreateProductScript">
    <skipped/>
  </testcase> <!-- @BeforeMethod beforeMethod -->
  <testcase name="@BeforeMethod beforeMethod" time="0.0" classname="com.bigbom.testcase.CreateProductScript">
    <skipped/>
  </testcase> <!-- @BeforeMethod beforeMethod -->
  <testcase name="@BeforeMethod beforeMethod" time="0.0" classname="com.bigbom.testcase.CreateProductScript">
    <skipped/>
  </testcase> <!-- @BeforeMethod beforeMethod -->
  <testcase name="@BeforeMethod beforeMethod" time="0.0" classname="com.bigbom.testcase.CreateProductScript">
    <skipped/>
  </testcase> <!-- @BeforeMethod beforeMethod -->
  <testcase name="@BeforeMethod beforeMethod" time="0.0" classname="com.bigbom.testcase.CreateProductScript">
    <skipped/>
  </testcase> <!-- @BeforeMethod beforeMethod -->
  <testcase name="@AfterClass AfterClass" time="0.0" classname="com.bigbom.testcase.CreateProductScript">
    <skipped/>
  </testcase> <!-- @AfterClass AfterClass -->
  <testcase name="TC_01_LoginEmptyEmailAndPassWord" time="0.002" classname="com.bigbom.testcase.LoginScript">
    <skipped/>
  </testcase> <!-- TC_01_LoginEmptyEmailAndPassWord -->
  <testcase name="TC_02_LoginWrongSDT" time="0.002" classname="com.bigbom.testcase.LoginScript">
    <skipped/>
  </testcase> <!-- TC_02_LoginWrongSDT -->
  <testcase name="TC_03_LoginWrongEmail" time="0.002" classname="com.bigbom.testcase.LoginScript">
    <skipped/>
  </testcase> <!-- TC_03_LoginWrongEmail -->
  <testcase name="TC_04_LogincorrectEmailBlankPassword" time="0.001" classname="com.bigbom.testcase.LoginScript">
    <skipped/>
  </testcase> <!-- TC_04_LogincorrectEmailBlankPassword -->
  <testcase name="TC_05_LogincorrectEmailPasswordNotEnoughtCharracter" time="0.001" classname="com.bigbom.testcase.LoginScript">
    <skipped/>
  </testcase> <!-- TC_05_LogincorrectEmailPasswordNotEnoughtCharracter -->
  <testcase name="TC_06_LogincorrectEmailWrongPassword" time="0.001" classname="com.bigbom.testcase.LoginScript">
    <skipped/>
  </testcase> <!-- TC_06_LogincorrectEmailWrongPassword -->
  <testcase name="TC_07_LoginCorrectEmailSdtAndPassword" time="0.001" classname="com.bigbom.testcase.LoginScript">
    <skipped/>
  </testcase> <!-- TC_07_LoginCorrectEmailSdtAndPassword -->
  <testcase name="TC_08" time="0.001" classname="com.bigbom.testcase.CreateProductScript">
    <skipped/>
  </testcase> <!-- TC_08 -->
  <testcase name="TC_09" time="0.0" classname="com.bigbom.testcase.CreateProductScript">
    <skipped/>
  </testcase> <!-- TC_09 -->
  <testcase name="TC_10" time="0.0" classname="com.bigbom.testcase.CreateProductScript">
    <skipped/>
  </testcase> <!-- TC_10 -->
  <testcase name="TC_11" time="0.001" classname="com.bigbom.testcase.CreateProductScript">
    <skipped/>
  </testcase> <!-- TC_11 -->
  <testcase name="TC_12" time="0.001" classname="com.bigbom.testcase.CreateProductScript">
    <skipped/>
  </testcase> <!-- TC_12 -->
  <testcase name="TC_13" time="0.001" classname="com.bigbom.testcase.CreateProductScript">
    <skipped/>
  </testcase> <!-- TC_13 -->
  <testcase name="TC_14" time="0.001" classname="com.bigbom.testcase.CreateProductScript">
    <skipped/>
  </testcase> <!-- TC_14 -->
  <testcase name="TC_15" time="0.001" classname="com.bigbom.testcase.CreateProductScript">
    <skipped/>
  </testcase> <!-- TC_15 -->
  <testcase name="TC_16" time="0.001" classname="com.bigbom.testcase.CreateProductScript">
    <skipped/>
  </testcase> <!-- TC_16 -->
  <testcase name="TC_17" time="0.0" classname="com.bigbom.testcase.CreateProductScript">
    <skipped/>
  </testcase> <!-- TC_17 -->
  <testcase name="TC_18" time="0.0" classname="com.bigbom.testcase.CreateProductScript">
    <skipped/>
  </testcase> <!-- TC_18 -->
  <testcase name="TC_19" time="0.0" classname="com.bigbom.testcase.CreateProductScript">
    <skipped/>
  </testcase> <!-- TC_19 -->
  <testcase name="TC_20" time="0.002" classname="com.bigbom.testcase.CreateProductScript">
    <skipped/>
  </testcase> <!-- TC_20 -->
  <testcase name="TC_21" time="0.0" classname="com.bigbom.testcase.CreateProductScript">
    <skipped/>
  </testcase> <!-- TC_21 -->
  <testcase name="TC_22" time="0.001" classname="com.bigbom.testcase.CreateProductScript">
    <skipped/>
  </testcase> <!-- TC_22 -->
  <testcase name="TC_23" time="0.0" classname="com.bigbom.testcase.CreateProductScript">
    <skipped/>
  </testcase> <!-- TC_23 -->
  <testcase name="TC_24" time="0.001" classname="com.bigbom.testcase.CreateProductScript">
    <skipped/>
  </testcase> <!-- TC_24 -->
  <testcase name="TC_25" time="0.0" classname="com.bigbom.testcase.CreateProductScript">
    <skipped/>
  </testcase> <!-- TC_25 -->
  <testcase name="TC_26" time="0.001" classname="com.bigbom.testcase.CreateProductScript">
    <skipped/>
  </testcase> <!-- TC_26 -->
  <testcase name="TC_27" time="0.001" classname="com.bigbom.testcase.CreateProductScript">
    <skipped/>
  </testcase> <!-- TC_27 -->
  <testcase name="TC_28" time="0.001" classname="com.bigbom.testcase.CreateProductScript">
    <skipped/>
  </testcase> <!-- TC_28 -->
  <testcase name="TC_29" time="0.001" classname="com.bigbom.testcase.CreateProductScript">
    <skipped/>
  </testcase> <!-- TC_29 -->
  <testcase name="TC_30" time="0.0" classname="com.bigbom.testcase.CreateProductScript">
    <skipped/>
  </testcase> <!-- TC_30 -->
  <testcase name="TC_31" time="0.0" classname="com.bigbom.testcase.CreateProductScript">
    <skipped/>
  </testcase> <!-- TC_31 -->
  <testcase name="TC_32" time="0.001" classname="com.bigbom.testcase.CreateProductScript">
    <skipped/>
  </testcase> <!-- TC_32 -->
  <testcase name="TC_33" time="0.0" classname="com.bigbom.testcase.CreateProductScript">
    <skipped/>
  </testcase> <!-- TC_33 -->
  <testcase name="TC_34" time="0.001" classname="com.bigbom.testcase.CreateProductScript">
    <skipped/>
  </testcase> <!-- TC_34 -->
</testsuite> <!-- Login BeeCow on Chrome -->
